1
  Program PeakFq           U. S. GEOLOGICAL SURVEY             Seq.002.000
  Version 7.1         Annual peak flow frequency analysis      Run Date / Time
  3/14/2014                                                    09/27/2017 14:53

                         --- PROCESSING OPTIONS ---  

                      Plot option         = None              
                      Basin char output   = None          
                      Print option        = Yes
                      Debug print         = No 
                      Input peaks listing = Long 
                      Input peaks format  = WATSTORE peak file  

                      Input files used:
                         peaks (ascii)  - C:\Users\amousam\Desktop\PeakFQ\USGS01509520\USGS01509520.INP                   
                         specifications - C:\Users\amousam\Desktop\PeakFQ\USGS01509520\PKFQWPSF.TMP                       
                      Output file(s): 
                         main - C:\Users\amousam\Desktop\PeakFQ\USGS01509520\USGS01509520.PRT                   
  
1


  Program PeakFq           U. S. GEOLOGICAL SURVEY             Seq.001.001
  Version 7.1         Annual peak flow frequency analysis      Run Date / Time
  3/14/2014                                                    09/27/2017 14:53
  
               Station - 01509520  TIOUGHNIOGA RIVER AT LISLE NY                


                     I N P U T   D A T A   S U M M A R Y

                Number of peaks in record            =       29
                Peaks not used in analysis           =        0
                Systematic peaks in analysis         =       29
                Historic peaks in analysis           =        0
                Beginning Year                       =     1988
                Ending Year                          =     2016
                Historical Period Length             =        0
                Generalized skew                     =    0.271
                     Standard error                  =    0.550
                     Mean Square error               =    0.303
                Skew option                          =   WEIGHTED  
                Gage base discharge                  =      0.0
                User supplied high outlier threshold =   --           
                User supplied PILF (LO) criterion    =   --           
                Plotting position parameter          =     0.00
                Type of analysis                       BULL.17B
                PILF (LO) Test Method                      GBT 
                Perception Thresholds            =   Not Applicable
                Interval Data                    =   Not Applicable



  *********  NOTICE  --  Preliminary machine computations.        *********     
  *********  User responsible for assessment and interpretation.  *********     

    WCF134I-NO SYSTEMATIC PEAKS WERE BELOW GAGE BASE.                   0.0
    WCF195I-NO LOW OUTLIERS WERE DETECTED BELOW CRITERION.           3422.1
    WCF163I-NO HIGH OUTLIERS OR HISTORIC PEAKS EXCEEDED HHBASE.     22224.5


                                        Kendall's Tau Parameters

                                                        MEDIAN   No. of
                                       TAU    P-VALUE    SLOPE   PEAKS
                                ---------------------------------------
             SYSTEMATIC RECORD      0.121      0.368     78.207    29


1


  Program PeakFq           U. S. GEOLOGICAL SURVEY             Seq.001.002
  Version 7.1         Annual peak flow frequency analysis      Run Date / Time
  3/14/2014                                                    09/27/2017 14:53
  
               Station - 01509520  TIOUGHNIOGA RIVER AT LISLE NY                


           ANNUAL FREQUENCY CURVE PARAMETERS -- LOG-PEARSON TYPE III 

                        FLOOD BASE                   LOGARITHMIC         
                  ----------------------  -------------------------------
                             EXCEEDANCE                STANDARD          
                   DISCHARGE PROBABILITY     MEAN     DEVIATION     SKEW 
                  -------------------------------------------------------
 SYSTEMATIC RECORD       0.0     1.0000     3.9406      0.1594     -0.020
 BULL.17B ESTIMATE       0.0     1.0000     3.9406      0.1594      0.086

 BULL.17B ESTIMATE OF MSE OF AT-SITE SKEW     0.1735



    ANNUAL FREQUENCY CURVE -- DISCHARGES AT SELECTED EXCEEDANCE PROBABILITIES

   ANNUAL                         <-- FOR BULLETIN 17B ESTIMATES -->
EXCEEDANCE  BULL.17B SYSTEMATIC   VARIANCE  95% CONFIDENCE INTERVALS
PROBABILITY ESTIMATE   RECORD      OF EST.       LOWER       UPPER

   0.9950    3491.     3366.        ----       2620.0       4239.0
   0.9900    3801.     3694.        ----       2914.0       4558.0
   0.9500    4813.     4759.        ----       3904.0       5585.0
   0.9000    5468.     5445.        ----       4561.0       6252.0
   0.8000    6394.     6406.        ----       5497.0       7207.0
   0.6667    7414.     7453.        ----       6516.0       8298.0
   0.5000    8675.     8731.        ----       7731.0       9729.0
   0.4292    9263.     9322.        ----       8276.0      10430.0
   0.2000   11860.    11880.        ----      10520.0      13790.0
   0.1000   14000.    13950.        ----      12240.0      16810.0
   0.0400   16760.    16540.        ----      14330.0      20940.0
   0.0200   18850.    18460.        ----      15860.0      24220.0
   0.0100   20960.    20370.        ----      17360.0      27670.0
   0.0050   23120.    22290.        ----      18870.0      31290.0
   0.0020   26060.    24860.        ----      20870.0      36380.0
1


  Program PeakFq           U. S. GEOLOGICAL SURVEY             Seq.001.003
  Version 7.1         Annual peak flow frequency analysis      Run Date / Time
  3/14/2014                                                    09/27/2017 14:53
  
               Station - 01509520  TIOUGHNIOGA RIVER AT LISLE NY                


                       I N P U T   D A T A   L I S T I N G


    WATER       PEAK   PEAKFQ
     YEAR      VALUE    CODES  REMARKS
     1988     6840.0       
     1989     5070.0       
     1990     6370.0       
     1991     6660.0       
     1992     5840.0       
     1993    12100.0       
     1994     8340.0       
     1995     4560.0       
     1996    12900.0       
     1997    10700.0       
     1998    10600.0       
     1999     8150.0       
     2000    11100.0       
     2001    13400.0       
     2002     6420.0       
     2003     9880.0       
     2004     9360.0       
     2005    19800.0       
     2006    11400.0       
     2007     8950.0       
     2008     8060.0       
     2009     7900.0       
     2010    12400.0       
     2011    13800.0       
     2012     4280.0       
     2013    13300.0       
     2014     7570.0       
     2015     8150.0       
     2016     5870.0       


        Explanation of peak discharge qualification codes

       PeakFQ    NWIS
        CODE     CODE   DEFINITION

          D        3    Dam failure, non-recurrent flow anomaly
          G        8    Discharge greater than stated value
          X       3+8   Both of the above
          L        4    Discharge less than stated value
          K     6 OR C  Known effect of regulation or urbanization
          H        7    Historic peak

          -  Minus-flagged discharge -- Not used in computation
                -8888.0 -- No discharge value given
          -  Minus-flagged water year -- Historic peak used in computation



1


  Program PeakFq           U. S. GEOLOGICAL SURVEY             Seq.001.004
  Version 7.1         Annual peak flow frequency analysis      Run Date / Time
  3/14/2014                                                    09/27/2017 14:53
  
               Station - 01509520  TIOUGHNIOGA RIVER AT LISLE NY                


   EMPIRICAL FREQUENCY CURVES -- WEIBULL PLOTTING POSITIONS

   WATER     RANKED   SYSTEMATIC     B17B
    YEAR   DISCHARGE    RECORD     ESTIMATE
    2005    19800.0     0.0333      0.0333 
    2011    13800.0     0.0667      0.0667 
    2001    13400.0     0.1000      0.1000 
    2013    13300.0     0.1333      0.1333 
    1996    12900.0     0.1667      0.1667 
    2010    12400.0     0.2000      0.2000 
    1993    12100.0     0.2333      0.2333 
    2006    11400.0     0.2667      0.2667 
    2000    11100.0     0.3000      0.3000 
    1997    10700.0     0.3333      0.3333 
    1998    10600.0     0.3667      0.3667 
    2003     9880.0     0.4000      0.4000 
    2004     9360.0     0.4333      0.4333 
    2007     8950.0     0.4667      0.4667 
    1994     8340.0     0.5000      0.5000 
    1999     8150.0     0.5333      0.5333 
    2015     8150.0     0.5667      0.5667 
    2008     8060.0     0.6000      0.6000 
    2009     7900.0     0.6333      0.6333 
    2014     7570.0     0.6667      0.6667 
    1988     6840.0     0.7000      0.7000 
    1991     6660.0     0.7333      0.7333 
    2002     6420.0     0.7667      0.7667 
    1990     6370.0     0.8000      0.8000 
    2016     5870.0     0.8333      0.8333 
    1992     5840.0     0.8667      0.8667 
    1989     5070.0     0.9000      0.9000 
    1995     4560.0     0.9333      0.9333 
    2012     4280.0     0.9667      0.9667 
1



 End PeakFQ analysis.
   Stations processed :       1
   Number of errors   :       0
   Stations skipped   :       0
   Station years      :      29


Data records may have been ignored for the stations listed below.               
(Card type must be Y, Z, N, H, I, 2, 3, 4,  or *.)                              
(2, 4, and * records are ignored.)                                              
                                                                                
 For the station below, the following records were ignored:                     
                                                                                
 FINISHED PROCESSING STATION:  01509520       USGS TIOUGHNIOGA RIVER AT LISLE NY
                                                                                
                                                                                
 For the station below, the following records were ignored:                     
                                                                                
 FINISHED PROCESSING STATION:                                                   
                                                                                
