1
  Program PeakFq           U. S. GEOLOGICAL SURVEY             Seq.002.000
  Version 7.1         Annual peak flow frequency analysis      Run Date / Time
  3/14/2014                                                    09/27/2017 14:46

                         --- PROCESSING OPTIONS ---  

                      Plot option         = None              
                      Basin char output   = None          
                      Print option        = Yes
                      Debug print         = No 
                      Input peaks listing = Long 
                      Input peaks format  = WATSTORE peak file  

                      Input files used:
                         peaks (ascii)  - C:\Users\amousam\Desktop\PeakFQ\USGS01511500\USGS01511500.INP                   
                         specifications - C:\Users\amousam\Desktop\PeakFQ\USGS01511500\PKFQWPSF.TMP                       
                      Output file(s): 
                         main - C:\Users\amousam\Desktop\PeakFQ\USGS01511500\USGS01511500.PRT                   
  
1


  Program PeakFq           U. S. GEOLOGICAL SURVEY             Seq.001.001
  Version 7.1         Annual peak flow frequency analysis      Run Date / Time
  3/14/2014                                                    09/27/2017 14:46
  
               Station - 01511500  TIOUGHNIOGA RIVER AT ITASKA NY               


                     I N P U T   D A T A   S U M M A R Y

                Number of peaks in record            =       75
                Peaks not used in analysis           =        1
                Systematic peaks in analysis         =       74
                Historic peaks in analysis           =        0
                Beginning Year                       =     1942
                Ending Year                          =     2016
                Historical Period Length             =        0
                Generalized skew                     =    0.286
                     Standard error                  =    0.550
                     Mean Square error               =    0.303
                Skew option                          = STATION SKEW
                Gage base discharge                  =      0.0
                User supplied high outlier threshold =   --           
                User supplied PILF (LO) criterion    =   --           
                Plotting position parameter          =     0.00
                Type of analysis                       BULL.17B
                PILF (LO) Test Method                      GBT 
                Perception Thresholds            =   Not Applicable
                Interval Data                    =   Not Applicable



  *********  NOTICE  --  Preliminary machine computations.        *********     
  *********  User responsible for assessment and interpretation.  *********     

  **WCF109W-PEAKS WITH MINUS-FLAGGED DISCHARGES WERE BYPASSED.       1
  **WCF113W-NUMBER OF SYSTEMATIC PEAKS HAS BEEN REDUCED TO NSYS =   74
    WCF134I-NO SYSTEMATIC PEAKS WERE BELOW GAGE BASE.                   0.0
    WCF163I-NO HIGH OUTLIERS OR HISTORIC PEAKS EXCEEDED HHBASE.     24947.2
    WCF195I-NO LOW OUTLIERS WERE DETECTED BELOW CRITERION.           4489.6
   *WCF151I-17B WEIGHTED SKEW REPLACED BY USER OPTION.     0.414     0.456  -1
    WCF002J-CALCS COMPLETED.  RETURN CODE =  2


                                        Kendall's Tau Parameters

                                                        MEDIAN   No. of
                                       TAU    P-VALUE    SLOPE   PEAKS
                                ---------------------------------------
             SYSTEMATIC RECORD     -0.090      0.261    -18.125    74


1


  Program PeakFq           U. S. GEOLOGICAL SURVEY             Seq.001.002
  Version 7.1         Annual peak flow frequency analysis      Run Date / Time
  3/14/2014                                                    09/27/2017 14:46
  
               Station - 01511500  TIOUGHNIOGA RIVER AT ITASKA NY               


           ANNUAL FREQUENCY CURVE PARAMETERS -- LOG-PEARSON TYPE III 

                        FLOOD BASE                   LOGARITHMIC         
                  ----------------------  -------------------------------
                             EXCEEDANCE                STANDARD          
                   DISCHARGE PROBABILITY     MEAN     DEVIATION     SKEW 
                  -------------------------------------------------------
 SYSTEMATIC RECORD       0.0     1.0000     4.0246      0.1279      0.456
 BULL.17B ESTIMATE       0.0     1.0000     4.0246      0.1279      0.456

 BULL.17B ESTIMATE OF MSE OF AT-SITE SKEW     0.0983



    ANNUAL FREQUENCY CURVE -- DISCHARGES AT SELECTED EXCEEDANCE PROBABILITIES

   ANNUAL                         <-- FOR BULLETIN 17B ESTIMATES -->
EXCEEDANCE  BULL.17B SYSTEMATIC   VARIANCE  95% CONFIDENCE INTERVALS
PROBABILITY ESTIMATE   RECORD      OF EST.       LOWER       UPPER

   0.9950    5621.     5621.        ----       5002.0       6166.0
   0.9900    5894.     5894.        ----       5279.0       6437.0
   0.9500    6793.     6793.        ----       6196.0       7325.0
   0.9000    7383.     7383.        ----       6798.0       7909.0
   0.8000    8225.     8225.        ----       7658.0       8751.0
   0.6667    9166.     9166.        ----       8607.0       9709.0
   0.5000   10350.    10350.        ----       9773.0      10950.0
   0.4292   10910.    10910.        ----      10310.0      11560.0
   0.2000   13440.    13440.        ----      12640.0      14420.0
   0.1000   15610.    15610.        ----      14540.0      17010.0
   0.0400   18500.    18500.        ----      16990.0      20590.0
   0.0200   20770.    20770.        ----      18850.0      23470.0
   0.0100   23130.    23130.        ----      20770.0      26530.0
   0.0050   25610.    25610.        ----      22750.0      29800.0
   0.0020   29090.    29090.        ----      25490.0      34500.0
1


  Program PeakFq           U. S. GEOLOGICAL SURVEY             Seq.001.003
  Version 7.1         Annual peak flow frequency analysis      Run Date / Time
  3/14/2014                                                    09/27/2017 14:46
  
               Station - 01511500  TIOUGHNIOGA RIVER AT ITASKA NY               


                       I N P U T   D A T A   L I S T I N G


    WATER       PEAK   PEAKFQ
     YEAR      VALUE    CODES  REMARKS
     1942    12400.0    K  
     1943    18100.0    K  
     1944    12500.0    K  
     1945    13200.0    K  
     1946     9400.0    K  
     1947    12000.0    K  
     1948    13800.0    K  
     1949     6880.0    K  
     1950    13700.0    K  
     1951    10200.0    K  
     1952     8100.0    K  
     1953     8680.0    K  
     1954     7970.0    K  
     1955    12200.0    K  
     1956    15800.0    K  
     1957     6370.0    K  
     1958    10700.0    K  
     1959     9700.0    K  
     1960    14600.0    K  
     1961    22600.0    K  
     1962     8640.0    K  
     1963    11000.0    K  
     1964    17500.0    K  
     1965     6560.0    K  
     1966     6870.0    K  
     1967     7700.0    K  
     1968     7930.0    K  
     1969     8810.0    K  
     1970     9970.0    K  
     1971    14200.0    K  
     1972    11500.0    K  
     1973    11600.0    K  
     1974    10600.0    K  
     1975    14800.0    K  
     1976    -8888.0       
     1977    14100.0    K  
     1978     9390.0    K  
     1979    17000.0    K  
     1980     9490.0    K  
     1981     9650.0    K  
     1982    15100.0    K  
     1983     7680.0    K  
     1984    14500.0    K  
     1985     7520.0    K  
     1986    11300.0    K  
     1987    10100.0    K  
     1988     7660.0    K  
     1989     7480.0    K  
     1990     7300.0    K  
     1991    13000.0    K  
     1992     7250.0    K  
     1993    14400.0    K  
     1994     9260.0    K  
     1995     9170.0    K  
     1996    20800.0    K  
     1997    10800.0    K  
     1998    10600.0    K  
     1999     7730.0    K  
     2000    11400.0    K  
     2001    10600.0    K  
     2002     7500.0    K  
     2003     8520.0    K  
     2004     8570.0    K  
     2005    19300.0    K  
     2006    12400.0    K  
     2007    10500.0    K  
     2008     9670.0    K  
     2009     9110.0    K  
     2010     9650.0    K  
     2011    15400.0    K  
     2012     7360.0    K  
     2013    13800.0    K  
     2014     9260.0    K  
     2015     9990.0    K  
     2016     7870.0    K  


        Explanation of peak discharge qualification codes

       PeakFQ    NWIS
        CODE     CODE   DEFINITION

          D        3    Dam failure, non-recurrent flow anomaly
          G        8    Discharge greater than stated value
          X       3+8   Both of the above
          L        4    Discharge less than stated value
          K     6 OR C  Known effect of regulation or urbanization
          H        7    Historic peak

          -  Minus-flagged discharge -- Not used in computation
                -8888.0 -- No discharge value given
          -  Minus-flagged water year -- Historic peak used in computation



1


  Program PeakFq           U. S. GEOLOGICAL SURVEY             Seq.001.004
  Version 7.1         Annual peak flow frequency analysis      Run Date / Time
  3/14/2014                                                    09/27/2017 14:46
  
               Station - 01511500  TIOUGHNIOGA RIVER AT ITASKA NY               


   EMPIRICAL FREQUENCY CURVES -- WEIBULL PLOTTING POSITIONS

   WATER     RANKED   SYSTEMATIC     B17B
    YEAR   DISCHARGE    RECORD     ESTIMATE
    1961    22600.0     0.0133      0.0133 
    1996    20800.0     0.0267      0.0267 
    2005    19300.0     0.0400      0.0400 
    1943    18100.0     0.0533      0.0533 
    1964    17500.0     0.0667      0.0667 
    1979    17000.0     0.0800      0.0800 
    1956    15800.0     0.0933      0.0933 
    2011    15400.0     0.1067      0.1067 
    1982    15100.0     0.1200      0.1200 
    1975    14800.0     0.1333      0.1333 
    1960    14600.0     0.1467      0.1467 
    1984    14500.0     0.1600      0.1600 
    1993    14400.0     0.1733      0.1733 
    1971    14200.0     0.1867      0.1867 
    1977    14100.0     0.2000      0.2000 
    1948    13800.0     0.2133      0.2133 
    2013    13800.0     0.2267      0.2267 
    1950    13700.0     0.2400      0.2400 
    1945    13200.0     0.2533      0.2533 
    1991    13000.0     0.2667      0.2667 
    1944    12500.0     0.2800      0.2800 
    1942    12400.0     0.2933      0.2933 
    2006    12400.0     0.3067      0.3067 
    1955    12200.0     0.3200      0.3200 
    1947    12000.0     0.3333      0.3333 
    1973    11600.0     0.3467      0.3467 
    1972    11500.0     0.3600      0.3600 
    2000    11400.0     0.3733      0.3733 
    1986    11300.0     0.3867      0.3867 
    1963    11000.0     0.4000      0.4000 
    1997    10800.0     0.4133      0.4133 
    1958    10700.0     0.4267      0.4267 
    1974    10600.0     0.4400      0.4400 
    1998    10600.0     0.4533      0.4533 
    2001    10600.0     0.4667      0.4667 
    2007    10500.0     0.4800      0.4800 
    1951    10200.0     0.4933      0.4933 
    1987    10100.0     0.5067      0.5067 
    2015     9990.0     0.5200      0.5200 
    1970     9970.0     0.5333      0.5333 
    1959     9700.0     0.5467      0.5467 
    2008     9670.0     0.5600      0.5600 
    1981     9650.0     0.5733      0.5733 
    2010     9650.0     0.5867      0.5867 
    1980     9490.0     0.6000      0.6000 
    1946     9400.0     0.6133      0.6133 
    1978     9390.0     0.6267      0.6267 
    1994     9260.0     0.6400      0.6400 
    2014     9260.0     0.6533      0.6533 
    1995     9170.0     0.6667      0.6667 
    2009     9110.0     0.6800      0.6800 
    1969     8810.0     0.6933      0.6933 
    1953     8680.0     0.7067      0.7067 
    1962     8640.0     0.7200      0.7200 
    2004     8570.0     0.7333      0.7333 
    2003     8520.0     0.7467      0.7467 
    1952     8100.0     0.7600      0.7600 
    1954     7970.0     0.7733      0.7733 
    1968     7930.0     0.7867      0.7867 
    2016     7870.0     0.8000      0.8000 
    1999     7730.0     0.8133      0.8133 
    1967     7700.0     0.8267      0.8267 
    1983     7680.0     0.8400      0.8400 
    1988     7660.0     0.8533      0.8533 
    1985     7520.0     0.8667      0.8667 
    2002     7500.0     0.8800      0.8800 
    1989     7480.0     0.8933      0.8933 
    2012     7360.0     0.9067      0.9067 
    1990     7300.0     0.9200      0.9200 
    1992     7250.0     0.9333      0.9333 
    1949     6880.0     0.9467      0.9467 
    1966     6870.0     0.9600      0.9600 
    1965     6560.0     0.9733      0.9733 
    1957     6370.0     0.9867      0.9867 
    1976    -8888.0       --          --    
1



 End PeakFQ analysis.
   Stations processed :       1
   Number of errors   :       0
   Stations skipped   :       0
   Station years      :      75


Data records may have been ignored for the stations listed below.               
(Card type must be Y, Z, N, H, I, 2, 3, 4,  or *.)                              
(2, 4, and * records are ignored.)                                              
                                                                                
 For the station below, the following records were ignored:                     
                                                                                
 FINISHED PROCESSING STATION:  01511500       USGS TIOUGHNIOGA RIVER AT ITASKA N
                                                                                
                                                                                
 For the station below, the following records were ignored:                     
                                                                                
 FINISHED PROCESSING STATION:                                                   
                                                                                
